c:\lập trình game\game boom\game boom\x64\debug\vc143.pdb
c:\lập trình game\game boom\game boom\x64\debug\vc143.idb
c:\lập trình game\game boom\game boom\x64\debug\console.obj
c:\lập trình game\game boom\game boom\x64\debug\main.obj
c:\lập trình game\game boom\game boom\x64\debug\functions.obj
c:\lập trình game\game boom\x64\debug\game boom.pdb
c:\lập trình game\game boom\game boom\x64\debug\game boom.tlog\cl.command.1.tlog
c:\lập trình game\game boom\game boom\x64\debug\game boom.tlog\cl.items.tlog
c:\lập trình game\game boom\game boom\x64\debug\game boom.tlog\cl.read.1.tlog
c:\lập trình game\game boom\game boom\x64\debug\game boom.tlog\cl.write.1.tlog
c:\lập trình game\game boom\game boom\x64\debug\game boom.tlog\link-cvtres.read.1.tlog
c:\lập trình game\game boom\game boom\x64\debug\game boom.tlog\link-cvtres.write.1.tlog
c:\lập trình game\game boom\game boom\x64\debug\game boom.tlog\link-rc.read.1.tlog
c:\lập trình game\game boom\game boom\x64\debug\game boom.tlog\link-rc.write.1.tlog
c:\lập trình game\game boom\game boom\x64\debug\game boom.tlog\link.26124-cvtres.read.1.tlog
c:\lập trình game\game boom\game boom\x64\debug\game boom.tlog\link.26124-cvtres.write.1.tlog
c:\lập trình game\game boom\game boom\x64\debug\game boom.tlog\link.26124-rc.read.1.tlog
c:\lập trình game\game boom\game boom\x64\debug\game boom.tlog\link.26124-rc.write.1.tlog
c:\lập trình game\game boom\game boom\x64\debug\game boom.tlog\link.26124.read.1.tlog
c:\lập trình game\game boom\game boom\x64\debug\game boom.tlog\link.26124.read.2.tlog
c:\lập trình game\game boom\game boom\x64\debug\game boom.tlog\link.26124.write.1.tlog
c:\lập trình game\game boom\game boom\x64\debug\game boom.tlog\link.command.1.tlog
c:\lập trình game\game boom\game boom\x64\debug\game boom.tlog\link.read.1.tlog
c:\lập trình game\game boom\game boom\x64\debug\game boom.tlog\link.read.2.tlog
c:\lập trình game\game boom\game boom\x64\debug\game boom.tlog\link.write.1.tlog
